#-----------------------------------------------------------
# Vivado v2016.2 (64-bit)
# SW Build 1577090 on Thu Jun  2 16:32:40 MDT 2016
# IP Build 1577682 on Fri Jun  3 12:00:54 MDT 2016
# Start of session at: Fri Apr 02 07:54:07 2021
# Process ID: 6392
# Current directory: D:/UIT/HK6/CE434/CE434.L21-Group3/Assignment_2/Vivado/Lab1
# Command line: vivado.exe -gui_launcher_event rodinguilauncherevent8688 D:\UIT\HK6\CE434\CE434.L21-Group3\Assignment_2\Vivado\Lab1\Lab1.xpr
# Log file: D:/UIT/HK6/CE434/CE434.L21-Group3/Assignment_2/Vivado/Lab1/vivado.log
# Journal file: D:/UIT/HK6/CE434/CE434.L21-Group3/Assignment_2/Vivado/Lab1\vivado.jou
#-----------------------------------------------------------
start_gui
open_project D:/UIT/HK6/CE434/CE434.L21-Group3/Assignment_2/Vivado/Lab1/Lab1.xpr
INFO: [Project 1-313] Project file moved from '/home/viet/Documents/UIT/CE434.L21-Group3/Assignment_2/Vivado/Lab1' since last save.
Scanning sources...
Finished scanning sources
CRITICAL WARNING: [Project 1-192] Failed to load run synth_1. Strategy Vivado Synthesis Defaults (Vivado Synthesis 2017) not recognized by Vivado. 

CRITICAL WARNING: [Project 1-192] Failed to load run impl_1. Strategy Vivado Implementation Defaults (Vivado Implementation 2017) not recognized by Vivado. 

WARNING: [filemgmt 56-2] IP Output Repository Path: Could not find the directory 'D:/UIT/HK6/CE434/CE434.L21-Group3/Assignment_2/Vivado/Lab1/Lab1.cache/ip', nor could it be found using path 'D:/home/viet/Documents/UIT/CE434.L21-Group3/Assignment_2/Vivado/Lab1/Lab1.cache/ip'.
WARNING: [filemgmt 56-3] IPUserFilesDir: Could not find the directory '$PIPUSERFILESDIR'.
CRITICAL WARNING: [Project 1-505] Unrecognized Option Name DSANumComputeUnits
CRITICAL WARNING: [Project 1-505] Unrecognized Option Name XSimRadix
CRITICAL WARNING: [Project 1-505] Unrecognized Option Name XSimTimeUnit
CRITICAL WARNING: [Project 1-505] Unrecognized Option Name XSimArrayDisplayLimit
CRITICAL WARNING: [Project 1-505] Unrecognized Option Name XSimTraceLimit
WARNING: [Project 1-231] Project 'Lab1.xpr' was created with a future version and may or may not perform reliably with this version of Vivado. It has been opened in read-only mode for the protection of unrecognized data. Use 'File | Save Project As...' if you wish to alter a copy of the project.
INFO: [IP_Flow 19-234] Refreshing IP repositories
INFO: [IP_Flow 19-2313] Loaded Vivado IP repository 'C:/Xilinx/Vivado/2016.2/data/ip'.
open_project: Time (s): cpu = 00:00:10 ; elapsed = 00:00:05 . Memory (MB): peak = 814.086 ; gain = 135.910
update_compile_order -fileset sources_1
exit
INFO: [Common 17-206] Exiting Vivado at Fri Apr 02 07:54:48 2021...
